Using pre-set license
Built from '2021.1/staging' branch; Version is '2021.1.2f1 (e5d502d80fbb) revision 15062274'; Using compiler version '192528614'; Build Type 'Release'
OS: 'Windows 10 Pro; OS build 19042.1052; Version 2009; 64bit' Language: 'ko' Physical Memory: 16318 MB
BatchMode: 1, IsHumanControllingUs: 0, StartBugReporterOnCrash: 0, Is64bit: 1, IsPro: 0

 COMMAND LINE ARGUMENTS:
C:\Program Files\Unity\Hub\Editor\2021.1.2f1\Editor\Unity.exe
-adb2
-batchMode
-noUpm
-name
AssetImportWorker0
-projectPath
D:/Workspace/Unity/99_example/Dodge_Project
-logFile
Logs/AssetImportWorker0.log
-srvPort
65138
Successfully changed project path to: D:/Workspace/Unity/99_example/Dodge_Project
D:/Workspace/Unity/99_example/Dodge_Project
Using Asset Import Pipeline V2.
Refreshing native plugins compatible for Editor in 68.16 ms, found 1 plugins.
Preloading 0 native plugins for Editor in 0.00 ms.
Initialize engine version: 2021.1.2f1 (e5d502d80fbb)
[Subsystems] Discovering subsystems at path C:/Program Files/Unity/Hub/Editor/2021.1.2f1/Editor/Data/Resources/UnitySubsystems
[Subsystems] Discovering subsystems at path D:/Workspace/Unity/99_example/Dodge_Project/Assets
GfxDevice: creating device client; threaded=0; jobified=0
Direct3D:
    Version:  Direct3D 11.0 [level 11.1]
    Renderer: NVIDIA GeForce GTX 1660 SUPER (ID=0x21c4)
    Vendor:   NVIDIA
    VRAM:     5991 MB
    Driver:   27.21.14.6627
Initialize mono
Mono path[0] = 'C:/Program Files/Unity/Hub/Editor/2021.1.2f1/Editor/Data/Managed'
Mono path[1] = 'C:/Program Files/Unity/Hub/Editor/2021.1.2f1/Editor/Data/MonoBleedingEdge/lib/mono/unityjit'
Mono config path = 'C:/Program Files/Unity/Hub/Editor/2021.1.2f1/Editor/Data/MonoBleedingEdge/etc'
Using monoOptions --debugger-agent=transport=dt_socket,embedding=1,server=y,suspend=n,address=127.0.0.1:56960
Begin MonoManager ReloadAssembly
Registering precompiled unity dll's ...
Register platform support module: C:/Program Files/Unity/Hub/Editor/2021.1.2f1/Editor/Data/PlaybackEngines/WindowsStandaloneSupport/UnityEditor.WindowsStandalone.Extensions.dll
Registered in 0.002609 seconds.
Native extension for WindowsStandalone target not found
Refreshing native plugins compatible for Editor in 68.04 ms, found 1 plugins.
Preloading 0 native plugins for Editor in 0.00 ms.
Mono: successfully reloaded assembly
- Completed reload, in  1.167 seconds
Platform modules already initialized, skipping
Registering precompiled user dll's ...
Registered in 0.006525 seconds.
Begin MonoManager ReloadAssembly
Native extension for WindowsStandalone target not found
Refreshing native plugins compatible for Editor in 0.48 ms, found 1 plugins.
Preloading 0 native plugins for Editor in 0.00 ms.
Mono: successfully reloaded assembly
- Completed reload, in  0.878 seconds
Platform modules already initialized, skipping
========================================================================
Worker process is ready to serve import requests
Launched and connected shader compiler UnityShaderCompiler.exe after 0.05 seconds
Refreshing native plugins compatible for Editor in 0.48 ms, found 1 plugins.
Preloading 0 native plugins for Editor in 0.00 ms.
Unloading 2665 Unused Serialized files (Serialized files now loaded: 0)
System memory in use before: 102.4 MB.
System memory in use after: 102.6 MB.

Unloading 15 unused Assets to reduce memory usage. Loaded Objects now: 3117.
Total: 2.038700 ms (FindLiveObjects: 0.493100 ms CreateObjectMapping: 0.070100 ms MarkObjects: 1.414400 ms  DeleteObjects: 0.060300 ms)

========================================================================
Received Import Request.
  path: Assets/Scenes/SampleScene.unity
  artifactKey: Guid(9fc0d4010bbf28b4594072e72b8655ab) Importer(2089858483,934ff659095e30574adcf32a4c2f97b5)
Start importing Assets/Scenes/SampleScene.unity using Guid(9fc0d4010bbf28b4594072e72b8655ab) Importer(2089858483,934ff659095e30574adcf32a4c2f97b5)  -> (artifact id: 'b1aa6b0d6d55b84874374a4ca3600854') in 0.046719 seconds 
========================================================================
Received Import Request.
  Time since last request: 384.558772 seconds.
  path: Assets/Scenes/SampleScene.unity
  artifactKey: Guid(9fc0d4010bbf28b4594072e72b8655ab) Importer(2089858483,934ff659095e30574adcf32a4c2f97b5)
Start importing Assets/Scenes/SampleScene.unity using Guid(9fc0d4010bbf28b4594072e72b8655ab) Importer(2089858483,934ff659095e30574adcf32a4c2f97b5)  -> (artifact id: 'fab2201cfe44f4c7813fa03116fc5bac') in 0.006104 seconds 
========================================================================
Received Import Request.
  Time since last request: 107.197973 seconds.
  path: Assets/Plane Color.mat
  artifactKey: Guid(b9e5e56b33d60ae4097fd55e7e43a94d) Importer(815301076,1909f56bfc062723c751e8b465ee728b)
Start importing Assets/Plane Color.mat using Guid(b9e5e56b33d60ae4097fd55e7e43a94d) Importer(815301076,1909f56bfc062723c751e8b465ee728b)  -> (artifact id: '0c112e978962d1496ba8ee260a9c11b6') in 0.112933 seconds 
========================================================================
Received Import Request.
  Time since last request: 0.340145 seconds.
  path: Assets/Plane Color.mat
  artifactKey: Guid(b9e5e56b33d60ae4097fd55e7e43a94d) Importer(2089858483,934ff659095e30574adcf32a4c2f97b5)
Start importing Assets/Plane Color.mat using Guid(b9e5e56b33d60ae4097fd55e7e43a94d) Importer(2089858483,934ff659095e30574adcf32a4c2f97b5)  -> (artifact id: '5111b369f3875c8a7d45693fccdd4a89') in 0.005517 seconds 
========================================================================
Received Import Request.
  Time since last request: 39.478787 seconds.
  path: Assets/Plane Color.mat
  artifactKey: Guid(b9e5e56b33d60ae4097fd55e7e43a94d) Importer(815301076,1909f56bfc062723c751e8b465ee728b)
Start importing Assets/Plane Color.mat using Guid(b9e5e56b33d60ae4097fd55e7e43a94d) Importer(815301076,1909f56bfc062723c751e8b465ee728b)  -> (artifact id: 'a8fcb873b4bb73bbf19ba18ac5959b3e') in 0.014009 seconds 
========================================================================
Received Import Request.
  Time since last request: 0.459846 seconds.
  path: Assets/Plane Color.mat
  artifactKey: Guid(b9e5e56b33d60ae4097fd55e7e43a94d) Importer(2089858483,934ff659095e30574adcf32a4c2f97b5)
Start importing Assets/Plane Color.mat using Guid(b9e5e56b33d60ae4097fd55e7e43a94d) Importer(2089858483,934ff659095e30574adcf32a4c2f97b5)  -> (artifact id: '93e57a431844a2a850547d8aef6e4103') in 0.006703 seconds 
========================================================================
Received Import Request.
  Time since last request: 482.689756 seconds.
  path: Assets/Scenes/SampleScene.unity
  artifactKey: Guid(9fc0d4010bbf28b4594072e72b8655ab) Importer(2089858483,934ff659095e30574adcf32a4c2f97b5)
Start importing Assets/Scenes/SampleScene.unity using Guid(9fc0d4010bbf28b4594072e72b8655ab) Importer(2089858483,934ff659095e30574adcf32a4c2f97b5)  -> (artifact id: '43705a24a835528069c2d4bf03bb91bb') in 0.005571 seconds 
========================================================================
Received Import Request.
  Time since last request: 92.186582 seconds.
  path: Assets
  artifactKey: Guid(00000000000000001000000000000000) Importer(815301076,1909f56bfc062723c751e8b465ee728b)
Start importing Assets using Guid(00000000000000001000000000000000) Importer(815301076,1909f56bfc062723c751e8b465ee728b)  -> (artifact id: '3a3c96ab4986816b7b77dea28d49d6a8') in 0.002584 seconds 
========================================================================
Received Import Request.
  Time since last request: 9.119517 seconds.
  path: Assets/Player Color.mat
  artifactKey: Guid(b9aff8897b8917444b6ca10dec712843) Importer(815301076,1909f56bfc062723c751e8b465ee728b)
Start importing Assets/Player Color.mat using Guid(b9aff8897b8917444b6ca10dec712843) Importer(815301076,1909f56bfc062723c751e8b465ee728b)  -> (artifact id: '0c265da454e5e12a80f0d3a2e75e35b8') in 0.009552 seconds 
========================================================================
Received Import Request.
  Time since last request: 0.455292 seconds.
  path: Assets/Player Color.mat
  artifactKey: Guid(b9aff8897b8917444b6ca10dec712843) Importer(2089858483,934ff659095e30574adcf32a4c2f97b5)
Start importing Assets/Player Color.mat using Guid(b9aff8897b8917444b6ca10dec712843) Importer(2089858483,934ff659095e30574adcf32a4c2f97b5)  -> (artifact id: 'a34d4f07d2997f26c1d502a51b1bcfb5') in 0.005621 seconds 
========================================================================
Received Prepare
Registering precompiled user dll's ...
Registered in 0.005973 seconds.
Begin MonoManager ReloadAssembly
Native extension for WindowsStandalone target not found
Refreshing native plugins compatible for Editor in 0.47 ms, found 1 plugins.
Preloading 0 native plugins for Editor in 0.00 ms.
Mono: successfully reloaded assembly
- Completed reload, in  0.796 seconds
Platform modules already initialized, skipping
Refreshing native plugins compatible for Editor in 0.53 ms, found 1 plugins.
Preloading 0 native plugins for Editor in 0.00 ms.
Unloading 2660 Unused Serialized files (Serialized files now loaded: 0)
System memory in use before: 106.3 MB.
System memory in use after: 106.4 MB.

Unloading 10 unused Assets to reduce memory usage. Loaded Objects now: 3160.
Total: 2.071500 ms (FindLiveObjects: 0.269300 ms CreateObjectMapping: 0.070200 ms MarkObjects: 1.682800 ms  DeleteObjects: 0.047500 ms)

========================================================================
Received Import Request.
  Time since last request: 208.878095 seconds.
  path: Assets/Player Color.mat
  artifactKey: Guid(b9aff8897b8917444b6ca10dec712843) Importer(815301076,1909f56bfc062723c751e8b465ee728b)
Start importing Assets/Player Color.mat using Guid(b9aff8897b8917444b6ca10dec712843) Importer(815301076,1909f56bfc062723c751e8b465ee728b)  -> (artifact id: '1eb1885006341759fb441d5462e19447') in 0.053572 seconds 
========================================================================
Received Import Request.
  Time since last request: 18.384183 seconds.
  path: Assets/Material
  artifactKey: Guid(fff17e5f8f758214eb1527e7560b7a6e) Importer(815301076,1909f56bfc062723c751e8b465ee728b)
Start importing Assets/Material using Guid(fff17e5f8f758214eb1527e7560b7a6e) Importer(815301076,1909f56bfc062723c751e8b465ee728b)  -> (artifact id: 'a1076c1905f16b41c151bb713cef219d') in 0.003806 seconds 
========================================================================
Received Import Request.
  Time since last request: 9.268083 seconds.
  path: Assets/Script
  artifactKey: Guid(d5dcb0d180381b34cab4a088fe484f1f) Importer(815301076,1909f56bfc062723c751e8b465ee728b)
Start importing Assets/Script using Guid(d5dcb0d180381b34cab4a088fe484f1f) Importer(815301076,1909f56bfc062723c751e8b465ee728b)  -> (artifact id: '5446a9ba832b3a5f91f62a226c3d1287') in 0.002640 seconds 
========================================================================
Received Import Request.
  Time since last request: 12.750687 seconds.
  path: Assets/Script/Player_Controller.cs
  artifactKey: Guid(3a103f0ee35ccc5408280d3fc9a26253) Importer(815301076,1909f56bfc062723c751e8b465ee728b)
Start importing Assets/Script/Player_Controller.cs using Guid(3a103f0ee35ccc5408280d3fc9a26253) Importer(815301076,1909f56bfc062723c751e8b465ee728b)  -> (artifact id: '9acb1aa032bfb8bd87e4ed3dc9b42319') in 0.014011 seconds 
========================================================================
Received Prepare
Registering precompiled user dll's ...
Registered in 0.006772 seconds.
Begin MonoManager ReloadAssembly
Native extension for WindowsStandalone target not found
Refreshing native plugins compatible for Editor in 0.54 ms, found 1 plugins.
Preloading 0 native plugins for Editor in 0.00 ms.
Mono: successfully reloaded assembly
- Completed reload, in  1.038 seconds
Platform modules already initialized, skipping
Refreshing native plugins compatible for Editor in 0.51 ms, found 1 plugins.
Preloading 0 native plugins for Editor in 0.00 ms.
Unloading 2661 Unused Serialized files (Serialized files now loaded: 0)
System memory in use before: 106.3 MB.
System memory in use after: 106.5 MB.

Unloading 10 unused Assets to reduce memory usage. Loaded Objects now: 3165.
Total: 2.229500 ms (FindLiveObjects: 0.256400 ms CreateObjectMapping: 0.071100 ms MarkObjects: 1.850600 ms  DeleteObjects: 0.050200 ms)

========================================================================
Received Prepare
Registering precompiled user dll's ...
Registered in 0.005655 seconds.
Begin MonoManager ReloadAssembly
Native extension for WindowsStandalone target not found
Refreshing native plugins compatible for Editor in 0.48 ms, found 1 plugins.
Preloading 0 native plugins for Editor in 0.00 ms.
Mono: successfully reloaded assembly
- Completed reload, in  0.815 seconds
Platform modules already initialized, skipping
Refreshing native plugins compatible for Editor in 0.61 ms, found 1 plugins.
Preloading 0 native plugins for Editor in 0.00 ms.
Unloading 2661 Unused Serialized files (Serialized files now loaded: 0)
System memory in use before: 106.4 MB.
System memory in use after: 106.6 MB.

Unloading 10 unused Assets to reduce memory usage. Loaded Objects now: 3168.
Total: 1.767800 ms (FindLiveObjects: 0.224100 ms CreateObjectMapping: 0.070400 ms MarkObjects: 1.429300 ms  DeleteObjects: 0.043200 ms)

========================================================================
Received Import Request.
  Time since last request: 949.920457 seconds.
  path: Assets/Script/Player_Controller.cs
  artifactKey: Guid(3a103f0ee35ccc5408280d3fc9a26253) Importer(815301076,1909f56bfc062723c751e8b465ee728b)
Start importing Assets/Script/Player_Controller.cs using Guid(3a103f0ee35ccc5408280d3fc9a26253) Importer(815301076,1909f56bfc062723c751e8b465ee728b)  -> (artifact id: '66ec0321cf629a090798186a593634fe') in 0.005746 seconds 
========================================================================
Received Prepare
Registering precompiled user dll's ...
Registered in 0.005888 seconds.
Begin MonoManager ReloadAssembly
Native extension for WindowsStandalone target not found
Refreshing native plugins compatible for Editor in 0.54 ms, found 1 plugins.
Preloading 0 native plugins for Editor in 0.00 ms.
Mono: successfully reloaded assembly
- Completed reload, in  0.882 seconds
Platform modules already initialized, skipping
Refreshing native plugins compatible for Editor in 0.50 ms, found 1 plugins.
Preloading 0 native plugins for Editor in 0.00 ms.
Unloading 2661 Unused Serialized files (Serialized files now loaded: 0)
System memory in use before: 106.4 MB.
System memory in use after: 106.6 MB.

Unloading 10 unused Assets to reduce memory usage. Loaded Objects now: 3171.
Total: 2.286900 ms (FindLiveObjects: 0.251600 ms CreateObjectMapping: 0.070000 ms MarkObjects: 1.856800 ms  DeleteObjects: 0.107000 ms)

========================================================================
Received Prepare
Registering precompiled user dll's ...
Registered in 0.005947 seconds.
Begin MonoManager ReloadAssembly
Native extension for WindowsStandalone target not found
Refreshing native plugins compatible for Editor in 0.48 ms, found 1 plugins.
Preloading 0 native plugins for Editor in 0.00 ms.
Mono: successfully reloaded assembly
- Completed reload, in  0.863 seconds
Platform modules already initialized, skipping
Refreshing native plugins compatible for Editor in 0.48 ms, found 1 plugins.
Preloading 0 native plugins for Editor in 0.00 ms.
Unloading 2661 Unused Serialized files (Serialized files now loaded: 0)
System memory in use before: 106.4 MB.
System memory in use after: 106.6 MB.

Unloading 10 unused Assets to reduce memory usage. Loaded Objects now: 3174.
Total: 1.838600 ms (FindLiveObjects: 0.261900 ms CreateObjectMapping: 0.067800 ms MarkObjects: 1.462700 ms  DeleteObjects: 0.045500 ms)

